<?xml version="1.0" encoding="UTF-8"?>
<testng-results skipped="0" failed="0" total="3" passed="3">
  <reporter-output>
  </reporter-output>
  <suite name="Default suite" duration-ms="46" started-at="2019-07-23T12:53:48Z" finished-at="2019-07-23T12:53:48Z">
    <groups>
      <group name="sanity">
        <method signature="Grpsanddependencies.m1()[pri:0, instance:testNg.Grpsanddependencies@51565ec2]" name="m1" class="testNg.Grpsanddependencies"/>
      </group> <!-- sanity -->
    </groups>
    <test name="Default test" duration-ms="46" started-at="2019-07-23T12:53:48Z" finished-at="2019-07-23T12:53:48Z">
      <class name="testNg.Grpsanddependencies">
        <test-method status="PASS" signature="m2()[pri:0, instance:testNg.Grpsanddependencies@51565ec2]" name="m2" duration-ms="13" started-at="2019-07-23T18:23:48Z" finished-at="2019-07-23T18:23:48Z">
          <reporter-output>
          </reporter-output>
        </test-method> <!-- m2 -->
        <test-method status="PASS" signature="m1()[pri:0, instance:testNg.Grpsanddependencies@51565ec2]" name="m1" duration-ms="2" started-at="2019-07-23T18:23:48Z" finished-at="2019-07-23T18:23:48Z">
          <reporter-output>
          </reporter-output>
        </test-method> <!-- m1 -->
        <test-method status="PASS" signature="m3()[pri:0, instance:testNg.Grpsanddependencies@51565ec2]" name="m3" duration-ms="2" depends-on-groups="sanity" started-at="2019-07-23T18:23:48Z" finished-at="2019-07-23T18:23:48Z">
          <reporter-output>
          </reporter-output>
        </test-method> <!-- m3 -->
      </class> <!-- testNg.Grpsanddependencies -->
    </test> <!-- Default test -->
  </suite> <!-- Default suite -->
</testng-results>
