<?xml version="1.0" encoding="UTF-8"?>
<!-- Generated by org.testng.reporters.JUnitXMLReporter -->
<testsuite hostname="IN5CD6335WYY" name="Default test" tests="3" failures="0" timestamp="23 Jul 2019 12:53:48 GMT" time="0.046" errors="0">
  <testcase name="m2" time="0.013" classname="testNg.Grpsanddependencies"/>
  <testcase name="m1" time="0.002" classname="testNg.Grpsanddependencies"/>
  <testcase name="m3" time="0.002" classname="testNg.Grpsanddependencies"/>
</testsuite> <!-- Default test -->
